# JRE version: OpenJDK Runtime Environment (11.0.13) (build 11.0.13+0-b1751.21-8125866)
# Java VM: OpenJDK 64-Bit Server VM (11.0.13+0-b1751.21-8125866, mixed mode, tiered, compressed oops, g1 gc, windows-amd64)
Heap:
 garbage-first heap   total 322560K, used 200414K [0x0000000080000000, 0x0000000100000000)
  region size 1024K, 6 young (6144K), 2 survivors (2048K)
 Metaspace       used 147856K, capacity 152580K, committed 153072K, reserved 1181696K
  class space    used 18475K, capacity 20158K, committed 20544K, reserved 1048576K
GC Heap History (20 events):
Event: 1699.846 GC heap before
{Heap before GC invocations=73 (full 0):
 garbage-first heap   total 322560K, used 211103K [0x0000000080000000, 0x0000000100000000)
  region size 1024K, 15 young (15360K), 6 survivors (6144K)
 Metaspace       used 146217K, capacity 150735K, committed 151536K, reserved 1179648K
  class space    used 18391K, capacity 20022K, committed 20544K, reserved 1048576K
}
Event: 1699.850 GC heap after
{Heap after GC invocations=74 (full 0):
 garbage-first heap   total 322560K, used 199153K [0x0000000080000000, 0x0000000100000000)
  region size 1024K, 2 young (2048K), 2 survivors (2048K)
 Metaspace       used 146217K, capacity 150735K, committed 151536K, reserved 1179648K
  class space    used 18391K, capacity 20022K, committed 20544K, reserved 1048576K
}
Event: 1699.963 GC heap before
{Heap before GC invocations=74 (full 0):
 garbage-first heap   total 322560K, used 232945K [0x0000000080000000, 0x0000000100000000)
  region size 1024K, 37 young (37888K), 2 survivors (2048K)
 Metaspace       used 146467K, capacity 150934K, committed 151536K, reserved 1179648K
  class space    used 18391K, capacity 20022K, committed 20544K, reserved 1048576K
}
Event: 1699.967 GC heap after
{Heap after GC invocations=75 (full 0):
 garbage-first heap   total 322560K, used 201521K [0x0000000080000000, 0x0000000100000000)
  region size 1024K, 5 young (5120K), 5 survivors (5120K)
 Metaspace       used 146467K, capacity 150934K, committed 151536K, reserved 1179648K
  class space    used 18391K, capacity 20022K, committed 20544K, reserved 1048576K
}
Event: 1708.876 GC heap before
{Heap before GC invocations=76 (full 0):
 garbage-first heap   total 322560K, used 259889K [0x0000000080000000, 0x0000000100000000)
  region size 1024K, 50 young (51200K), 5 survivors (5120K)
 Metaspace       used 146767K, capacity 151269K, committed 151792K, reserved 1181696K
  class space    used 18405K, capacity 20032K, committed 20544K, reserved 1048576K
}
Event: 1708.878 GC heap after
{Heap after GC invocations=77 (full 0):
 garbage-first heap   total 322560K, used 201360K [0x0000000080000000, 0x0000000100000000)
  region size 1024K, 4 young (4096K), 4 survivors (4096K)
 Metaspace       used 146767K, capacity 151269K, committed 151792K, reserved 1181696K
  class space    used 18405K, capacity 20032K, committed 20544K, reserved 1048576K
}
Event: 1708.920 GC heap before
{Heap before GC invocations=77 (full 0):
 garbage-first heap   total 322560K, used 211600K [0x0000000080000000, 0x0000000100000000)
  region size 1024K, 15 young (15360K), 4 survivors (4096K)
 Metaspace       used 146778K, capacity 151273K, committed 151792K, reserved 1181696K
  class space    used 18405K, capacity 20032K, committed 20544K, reserved 1048576K
}
Event: 1708.924 GC heap after
{Heap after GC invocations=78 (full 0):
 garbage-first heap   total 322560K, used 200257K [0x0000000080000000, 0x0000000100000000)
  region size 1024K, 2 young (2048K), 2 survivors (2048K)
 Metaspace       used 146778K, capacity 151273K, committed 151792K, reserved 1181696K
  class space    used 18405K, capacity 20032K, committed 20544K, reserved 1048576K
}
Event: 1709.262 GC heap before
{Heap before GC invocations=78 (full 0):
 garbage-first heap   total 322560K, used 250433K [0x0000000080000000, 0x0000000100000000)
  region size 1024K, 52 young (53248K), 2 survivors (2048K)
 Metaspace       used 147128K, capacity 151716K, committed 152304K, reserved 1181696K
  class space    used 18431K, capacity 20078K, committed 20544K, reserved 1048576K
}
Event: 1709.267 GC heap after
{Heap after GC invocations=79 (full 0):
 garbage-first heap   total 322560K, used 205759K [0x0000000080000000, 0x0000000100000000)
  region size 1024K, 7 young (7168K), 7 survivors (7168K)
 Metaspace       used 147128K, capacity 151716K, committed 152304K, reserved 1181696K
  class space    used 18431K, capacity 20078K, committed 20544K, reserved 1048576K
}
Event: 1711.932 GC heap before
{Heap before GC invocations=80 (full 0):
 garbage-first heap   total 322560K, used 252863K [0x0000000080000000, 0x0000000100000000)
  region size 1024K, 57 young (58368K), 7 survivors (7168K)
 Metaspace       used 147352K, capacity 151965K, committed 152560K, reserved 1181696K
  class space    used 18450K, capacity 20113K, committed 20544K, reserved 1048576K
}
Event: 1711.941 GC heap after
{Heap after GC invocations=81 (full 0):
 garbage-first heap   total 322560K, used 208935K [0x0000000080000000, 0x0000000100000000)
  region size 1024K, 7 young (7168K), 7 survivors (7168K)
 Metaspace       used 147352K, capacity 151965K, committed 152560K, reserved 1181696K
  class space    used 18450K, capacity 20113K, committed 20544K, reserved 1048576K
}
Event: 1711.975 GC heap before
{Heap before GC invocations=81 (full 0):
 garbage-first heap   total 322560K, used 216103K [0x0000000080000000, 0x0000000100000000)
  region size 1024K, 15 young (15360K), 7 survivors (7168K)
 Metaspace       used 147381K, capacity 151978K, committed 152560K, reserved 1181696K
  class space    used 18452K, capacity 20116K, committed 20544K, reserved 1048576K
}
Event: 1711.982 GC heap after
{Heap after GC invocations=82 (full 0):
 garbage-first heap   total 322560K, used 198074K [0x0000000080000000, 0x0000000100000000)
  region size 1024K, 2 young (2048K), 2 survivors (2048K)
 Metaspace       used 147381K, capacity 151978K, committed 152560K, reserved 1181696K
  class space    used 18452K, capacity 20116K, committed 20544K, reserved 1048576K
}
Event: 1722.895 GC heap before
{Heap before GC invocations=82 (full 0):
 garbage-first heap   total 322560K, used 254394K [0x0000000080000000, 0x0000000100000000)
  region size 1024K, 58 young (59392K), 2 survivors (2048K)
 Metaspace       used 147631K, capacity 152260K, committed 152816K, reserved 1181696K
  class space    used 18469K, capacity 20148K, committed 20544K, reserved 1048576K
}
Event: 1722.902 GC heap after
{Heap after GC invocations=83 (full 0):
 garbage-first heap   total 322560K, used 204467K [0x0000000080000000, 0x0000000100000000)
  region size 1024K, 8 young (8192K), 8 survivors (8192K)
 Metaspace       used 147631K, capacity 152260K, committed 152816K, reserved 1181696K
  class space    used 18469K, capacity 20148K, committed 20544K, reserved 1048576K
}
Event: 1793.206 GC heap before
{Heap before GC invocations=84 (full 0):
 garbage-first heap   total 322560K, used 257715K [0x0000000080000000, 0x0000000100000000)
  region size 1024K, 62 young (63488K), 8 survivors (8192K)
 Metaspace       used 147736K, capacity 152334K, committed 152816K, reserved 1181696K
  class space    used 18470K, capacity 20150K, committed 20544K, reserved 1048576K
}
Event: 1793.210 GC heap after
{Heap after GC invocations=85 (full 0):
 garbage-first heap   total 322560K, used 201800K [0x0000000080000000, 0x0000000100000000)
  region size 1024K, 4 young (4096K), 4 survivors (4096K)
 Metaspace       used 147736K, capacity 152334K, committed 152816K, reserved 1181696K
  class space    used 18470K, capacity 20150K, committed 20544K, reserved 1048576K
}
Event: 1793.263 GC heap before
{Heap before GC invocations=85 (full 0):
 garbage-first heap   total 322560K, used 212040K [0x0000000080000000, 0x0000000100000000)
  region size 1024K, 15 young (15360K), 4 survivors (4096K)
 Metaspace       used 147829K, capacity 152573K, committed 153072K, reserved 1181696K
  class space    used 18474K, capacity 20157K, committed 20544K, reserved 1048576K
}
Event: 1793.266 GC heap after
{Heap after GC invocations=86 (full 0):
 garbage-first heap   total 322560K, used 197342K [0x0000000080000000, 0x0000000100000000)
  region size 1024K, 2 young (2048K), 2 survivors (2048K)
 Metaspace       used 147829K, capacity 152573K, committed 153072K, reserved 1181696K
  class space    used 18474K, capacity 20157K, committed 20544K, reserved 1048576K
}

