# JRE version: OpenJDK Runtime Environment (11.0.13) (build 11.0.13+0-b1751.21-8125866)
# Java VM: OpenJDK 64-Bit Server VM (11.0.13+0-b1751.21-8125866, mixed mode, tiered, compressed oops, g1 gc, windows-amd64)
Heap:
 garbage-first heap   total 260096K, used 173547K [0x0000000080000000, 0x0000000100000000)
  region size 1024K, 50 young (51200K), 12 survivors (12288K)
 Metaspace       used 107675K, capacity 110068K, committed 110856K, reserved 1148928K
  class space    used 13441K, capacity 14323K, committed 14592K, reserved 1048576K
GC Heap History (20 events):
Event: 8.189 GC heap before
{Heap before GC invocations=13 (full 0):
 garbage-first heap   total 260096K, used 183282K [0x0000000080000000, 0x0000000100000000)
  region size 1024K, 121 young (123904K), 15 survivors (15360K)
 Metaspace       used 89607K, capacity 92192K, committed 92296K, reserved 1128448K
  class space    used 11691K, capacity 12665K, committed 12672K, reserved 1048576K
}
Event: 8.197 GC heap after
{Heap after GC invocations=14 (full 0):
 garbage-first heap   total 260096K, used 82911K [0x0000000080000000, 0x0000000100000000)
  region size 1024K, 15 young (15360K), 15 survivors (15360K)
 Metaspace       used 89607K, capacity 92192K, committed 92296K, reserved 1128448K
  class space    used 11691K, capacity 12665K, committed 12672K, reserved 1048576K
}
Event: 9.036 GC heap before
{Heap before GC invocations=14 (full 0):
 garbage-first heap   total 260096K, used 206815K [0x0000000080000000, 0x0000000100000000)
  region size 1024K, 120 young (122880K), 15 survivors (15360K)
 Metaspace       used 92237K, capacity 94793K, committed 94856K, reserved 1132544K
  class space    used 11936K, capacity 12912K, committed 12928K, reserved 1048576K
}
Event: 9.049 GC heap after
{Heap after GC invocations=15 (full 0):
 garbage-first heap   total 260096K, used 108805K [0x0000000080000000, 0x0000000100000000)
  region size 1024K, 15 young (15360K), 15 survivors (15360K)
 Metaspace       used 92237K, capacity 94793K, committed 94856K, reserved 1132544K
  class space    used 11936K, capacity 12912K, committed 12928K, reserved 1048576K
}
Event: 9.572 GC heap before
{Heap before GC invocations=15 (full 0):
 garbage-first heap   total 260096K, used 208133K [0x0000000080000000, 0x0000000100000000)
  region size 1024K, 96 young (98304K), 15 survivors (15360K)
 Metaspace       used 97643K, capacity 100295K, committed 100616K, reserved 1136640K
  class space    used 12467K, capacity 13443K, committed 13568K, reserved 1048576K
}
Event: 9.582 GC heap after
{Heap after GC invocations=16 (full 0):
 garbage-first heap   total 260096K, used 118245K [0x0000000080000000, 0x0000000100000000)
  region size 1024K, 9 young (9216K), 9 survivors (9216K)
 Metaspace       used 97643K, capacity 100295K, committed 100616K, reserved 1136640K
  class space    used 12467K, capacity 13443K, committed 13568K, reserved 1048576K
}
Event: 9.688 GC heap before
{Heap before GC invocations=16 (full 0):
 garbage-first heap   total 260096K, used 169445K [0x0000000080000000, 0x0000000100000000)
  region size 1024K, 57 young (58368K), 9 survivors (9216K)
 Metaspace       used 98113K, capacity 100712K, committed 100872K, reserved 1136640K
  class space    used 12491K, capacity 13475K, committed 13568K, reserved 1048576K
}
Event: 9.693 GC heap after
{Heap after GC invocations=17 (full 0):
 garbage-first heap   total 260096K, used 120985K [0x0000000080000000, 0x0000000100000000)
  region size 1024K, 3 young (3072K), 3 survivors (3072K)
 Metaspace       used 98113K, capacity 100712K, committed 100872K, reserved 1136640K
  class space    used 12491K, capacity 13475K, committed 13568K, reserved 1048576K
}
Event: 9.861 GC heap before
{Heap before GC invocations=18 (full 0):
 garbage-first heap   total 260096K, used 176281K [0x0000000080000000, 0x0000000100000000)
  region size 1024K, 75 young (76800K), 3 survivors (3072K)
 Metaspace       used 98982K, capacity 101300K, committed 102536K, reserved 1138688K
  class space    used 12445K, capacity 13288K, committed 13696K, reserved 1048576K
}
Event: 9.864 GC heap after
{Heap after GC invocations=19 (full 0):
 garbage-first heap   total 260096K, used 106675K [0x0000000080000000, 0x0000000100000000)
  region size 1024K, 6 young (6144K), 6 survivors (6144K)
 Metaspace       used 98982K, capacity 101300K, committed 102536K, reserved 1138688K
  class space    used 12445K, capacity 13288K, committed 13696K, reserved 1048576K
}
Event: 10.182 GC heap before
{Heap before GC invocations=20 (full 0):
 garbage-first heap   total 260096K, used 191667K [0x0000000080000000, 0x0000000100000000)
  region size 1024K, 88 young (90112K), 6 survivors (6144K)
 Metaspace       used 100691K, capacity 103012K, committed 104328K, reserved 1140736K
  class space    used 12589K, capacity 13463K, committed 13952K, reserved 1048576K
}
Event: 10.185 GC heap after
{Heap after GC invocations=21 (full 0):
 garbage-first heap   total 260096K, used 108978K [0x0000000080000000, 0x0000000100000000)
  region size 1024K, 8 young (8192K), 8 survivors (8192K)
 Metaspace       used 100691K, capacity 103012K, committed 104328K, reserved 1140736K
  class space    used 12589K, capacity 13463K, committed 13952K, reserved 1048576K
}
Event: 10.216 GC heap before
{Heap before GC invocations=21 (full 0):
 garbage-first heap   total 260096K, used 112050K [0x0000000080000000, 0x0000000100000000)
  region size 1024K, 12 young (12288K), 8 survivors (8192K)
 Metaspace       used 100852K, capacity 103208K, committed 104584K, reserved 1140736K
  class space    used 12607K, capacity 13463K, committed 13952K, reserved 1048576K
}
Event: 10.219 GC heap after
{Heap after GC invocations=22 (full 0):
 garbage-first heap   total 260096K, used 105834K [0x0000000080000000, 0x0000000100000000)
  region size 1024K, 2 young (2048K), 2 survivors (2048K)
 Metaspace       used 100852K, capacity 103208K, committed 104584K, reserved 1140736K
  class space    used 12607K, capacity 13463K, committed 13952K, reserved 1048576K
}
Event: 10.704 GC heap before
{Heap before GC invocations=22 (full 0):
 garbage-first heap   total 260096K, used 192874K [0x0000000080000000, 0x0000000100000000)
  region size 1024K, 88 young (90112K), 2 survivors (2048K)
 Metaspace       used 105550K, capacity 107880K, committed 108936K, reserved 1144832K
  class space    used 13171K, capacity 14034K, committed 14464K, reserved 1048576K
}
Event: 10.708 GC heap after
{Heap after GC invocations=23 (full 0):
 garbage-first heap   total 260096K, used 110520K [0x0000000080000000, 0x0000000100000000)
  region size 1024K, 7 young (7168K), 7 survivors (7168K)
 Metaspace       used 105550K, capacity 107880K, committed 108936K, reserved 1144832K
  class space    used 13171K, capacity 14034K, committed 14464K, reserved 1048576K
}
Event: 10.902 GC heap before
{Heap before GC invocations=23 (full 0):
 garbage-first heap   total 260096K, used 203704K [0x0000000080000000, 0x0000000100000000)
  region size 1024K, 93 young (95232K), 7 survivors (7168K)
 Metaspace       used 106198K, capacity 108468K, committed 109448K, reserved 1144832K
  class space    used 13228K, capacity 14083K, committed 14464K, reserved 1048576K
}
Event: 10.908 GC heap after
{Heap after GC invocations=24 (full 0):
 garbage-first heap   total 260096K, used 120253K [0x0000000080000000, 0x0000000100000000)
  region size 1024K, 12 young (12288K), 12 survivors (12288K)
 Metaspace       used 106198K, capacity 108468K, committed 109448K, reserved 1144832K
  class space    used 13228K, capacity 14083K, committed 14464K, reserved 1048576K
}
Event: 10.960 GC heap before
{Heap before GC invocations=24 (full 0):
 garbage-first heap   total 260096K, used 203197K [0x0000000080000000, 0x0000000100000000)
  region size 1024K, 94 young (96256K), 12 survivors (12288K)
 Metaspace       used 106888K, capacity 109213K, committed 110088K, reserved 1144832K
  class space    used 13335K, capacity 14205K, committed 14592K, reserved 1048576K
}
Event: 10.967 GC heap after
{Heap after GC invocations=25 (full 0):
 garbage-first heap   total 260096K, used 136683K [0x0000000080000000, 0x0000000100000000)
  region size 1024K, 12 young (12288K), 12 survivors (12288K)
 Metaspace       used 106888K, capacity 109213K, committed 110088K, reserved 1144832K
  class space    used 13335K, capacity 14205K, committed 14592K, reserved 1048576K
}

